<?xml version="1.0" encoding="UTF-8"?>
<testng-results ignored="0" total="1" passed="1" failed="0" skipped="0">
  <reporter-output>
  </reporter-output>
  <suite started-at="2024-07-09T16:39:19 IST" name="Default suite" finished-at="2024-07-09T16:41:46 IST" duration-ms="147426">
    <groups>
    </groups>
    <test started-at="2024-07-09T16:39:19 IST" name="Default test" finished-at="2024-07-09T16:41:46 IST" duration-ms="147426">
      <class name="Sprint_1.LoginPageTest">
        <test-method is-config="true" signature="setup()[pri:0, instance:Sprint_1.LoginPageTest@17f9d882]" started-at="2024-07-09T16:39:19 IST" name="setup" finished-at="2024-07-09T16:39:28 IST" duration-ms="9382" status="PASS">
          <reporter-output>
          </reporter-output>
        </test-method> <!-- setup -->
        <test-method signature="LoginButtonTest()[pri:0, instance:Sprint_1.LoginPageTest@17f9d882]" started-at="2024-07-09T16:39:28 IST" name="LoginButtonTest" finished-at="2024-07-09T16:41:46 IST" duration-ms="137978" status="PASS">
          <reporter-output>
          </reporter-output>
        </test-method> <!-- LoginButtonTest -->
      </class> <!-- Sprint_1.LoginPageTest -->
    </test> <!-- Default test -->
  </suite> <!-- Default suite -->
</testng-results>
