<?xml version="1.0" encoding="UTF-8"?>
<testng-results ignored="0" total="1" passed="1" failed="0" skipped="0">
  <reporter-output>
  </reporter-output>
  <suite started-at="2024-08-29T17:34:52 IST" name="Default suite" finished-at="2024-08-29T17:37:11 IST" duration-ms="138731">
    <groups>
    </groups>
    <test started-at="2024-08-29T17:34:52 IST" name="Default test" finished-at="2024-08-29T17:37:11 IST" duration-ms="138731">
      <class name="Sprint_2.AdminUi">
        <test-method is-config="true" signature="setup()[pri:0, instance:Sprint_2.AdminUi@723ca036]" started-at="2024-08-29T17:34:52 IST" name="setup" finished-at="2024-08-29T17:34:58 IST" duration-ms="5791" status="PASS">
          <reporter-output>
          </reporter-output>
        </test-method> <!-- setup -->
        <test-method signature="AdminLoginTest()[pri:0, instance:Sprint_2.AdminUi@723ca036]" started-at="2024-08-29T17:34:58 IST" name="AdminLoginTest" finished-at="2024-08-29T17:37:11 IST" duration-ms="132873" status="PASS">
          <reporter-output>
          </reporter-output>
        </test-method> <!-- AdminLoginTest -->
      </class> <!-- Sprint_2.AdminUi -->
    </test> <!-- Default test -->
  </suite> <!-- Default suite -->
</testng-results>
